<?xml version="1.0" encoding="UTF-8"?>
<testsuite name="PingPongTest" tests="4" skipped="0" failures="0" errors="0" timestamp="2016-04-18T23:39:39" hostname="epicodus-36.local" time="0.003">
  <properties/>
  <testcase name="isPingPong_countUpToGivenNumber_Array" classname="PingPongTest" time="0.002"/>
  <testcase name="isPingPong_forNumbersDivisiblebyFifteen_Array" classname="PingPongTest" time="0.0"/>
  <testcase name="isPingPong_forNumbersDivisiblebyThree_Array" classname="PingPongTest" time="0.0"/>
  <testcase name="isPingPong_forNumbersDivisiblebyFive_Array" classname="PingPongTest" time="0.0"/>
  <system-out><![CDATA[]]></system-out>
  <system-err><![CDATA[]]></system-err>
</testsuite>
